<?xml version="1.0" encoding="UTF-8"?>
<!-- Generated by org.testng.reporters.JUnitXMLReporter -->
<testsuite hostname="Sukhchains-Macbook-Pro.local" name="Default test" tests="5" failures="0" timestamp="27 Sep 2015 14:49:41 GMT" time="286.631" errors="0">
  <testcase name="signUpTest" time="50.142" classname="test.test"/>
  <testcase name="testLoginWithFacebook" time="22.428" classname="test.test"/>
  <testcase name="testLogout" time="41.471" classname="test.test"/>
  <testcase name="testSearchAndCreatePackage" time="60.223" classname="test.test"/>
  <testcase name="testSignIN" time="35.188" classname="test.test"/>
</testsuite> <!-- Default test -->
