<?xml version="1.0" encoding="UTF-8"?>
<!-- Generated by org.testng.reporters.JUnitXMLReporter -->
<testsuite hostname="Sukhchains-Macbook-Pro.local" name="Default test" tests="5" failures="0" timestamp="27 Sep 2015 20:40:01 GMT" time="285.375" errors="0">
  <testcase name="signUpTest" time="58.96" classname="test.UCTest"/>
  <testcase name="testLoginWithFacebook" time="22.393" classname="test.UCTest"/>
  <testcase name="testLogout" time="39.705" classname="test.UCTest"/>
  <testcase name="testSearchAndCreatePackage" time="59.149" classname="test.UCTest"/>
  <testcase name="testSignIN" time="36.13" classname="test.UCTest"/>
</testsuite> <!-- Default test -->
