<?xml version="1.0" encoding="UTF-8"?>
<!-- Generated by org.testng.reporters.JUnitXMLReporter -->
<testsuite hostname="Sukhchains-Macbook-Pro.local" name="assignment" tests="1" failures="1" timestamp="26 Sep 2015 22:51:26 GMT" time="0.041" errors="0">
  <testcase name="startapp" time="0.022" classname="test.test">
    <failure type="java.lang.NullPointerException">
      <![CDATA[java.lang.NullPointerException
	at test.test.startapp(test.java:76)
... Removed 24 stack frames]]>
    </failure>
  </testcase> <!-- startapp -->
</testsuite> <!-- assignment -->
