<?xml version="1.0" encoding="UTF-8"?>
<testng-results skipped="0" failed="0" total="5" passed="5">
  <reporter-output>
  </reporter-output>
  <suite name="Default suite" duration-ms="285375" started-at="2015-09-27T20:35:16Z" finished-at="2015-09-27T20:40:01Z">
    <groups>
    </groups>
    <test name="Default test" duration-ms="285375" started-at="2015-09-27T20:35:16Z" finished-at="2015-09-27T20:40:01Z">
      <class name="test.UCTest">
        <test-method status="PASS" signature="setUp()[pri:0, instance:test.UCTest@57c70722]" name="setUp" is-config="true" duration-ms="13482" started-at="2015-09-28T02:05:16Z" finished-at="2015-09-28T02:05:29Z">
          <reporter-output>
          </reporter-output>
        </test-method> <!-- setUp -->
        <test-method status="PASS" signature="signUpTest(java.lang.String, java.lang.String, java.lang.String)[pri:0, instance:test.UCTest@57c70722]" name="signUpTest" duration-ms="58960" started-at="2015-09-28T02:05:29Z" data-provider="signup" finished-at="2015-09-28T02:06:28Z">
          <params>
            <param index="0">
              <value>
                <![CDATA[abc]]>
              </value>
            </param>
            <param index="1">
              <value>
                <![CDATA[8527720405]]>
              </value>
            </param>
            <param index="2">
              <value>
                <![CDATA[dww@ws.ss]]>
              </value>
            </param>
          </params>
          <reporter-output>
          </reporter-output>
        </test-method> <!-- signUpTest -->
        <test-method status="PASS" signature="tearDown()[pri:0, instance:test.UCTest@57c70722]" name="tearDown" is-config="true" duration-ms="1297" started-at="2015-09-28T02:06:28Z" finished-at="2015-09-28T02:06:29Z">
          <reporter-output>
          </reporter-output>
        </test-method> <!-- tearDown -->
        <test-method status="PASS" signature="setUp()[pri:0, instance:test.UCTest@57c70722]" name="setUp" is-config="true" duration-ms="12577" started-at="2015-09-28T02:06:29Z" finished-at="2015-09-28T02:06:42Z">
          <reporter-output>
          </reporter-output>
        </test-method> <!-- setUp -->
        <test-method status="PASS" signature="testLoginWithFacebook()[pri:0, instance:test.UCTest@57c70722]" name="testLoginWithFacebook" duration-ms="22393" started-at="2015-09-28T02:06:42Z" finished-at="2015-09-28T02:07:04Z">
          <reporter-output>
          </reporter-output>
        </test-method> <!-- testLoginWithFacebook -->
        <test-method status="PASS" signature="tearDown()[pri:0, instance:test.UCTest@57c70722]" name="tearDown" is-config="true" duration-ms="1322" started-at="2015-09-28T02:07:04Z" finished-at="2015-09-28T02:07:06Z">
          <reporter-output>
          </reporter-output>
        </test-method> <!-- tearDown -->
        <test-method status="PASS" signature="setUp()[pri:0, instance:test.UCTest@57c70722]" name="setUp" is-config="true" duration-ms="12749" started-at="2015-09-28T02:07:06Z" finished-at="2015-09-28T02:07:18Z">
          <reporter-output>
          </reporter-output>
        </test-method> <!-- setUp -->
        <test-method status="PASS" signature="testLogout(java.lang.String)[pri:0, instance:test.UCTest@57c70722]" name="testLogout" duration-ms="39705" started-at="2015-09-28T02:07:18Z" data-provider="signin" finished-at="2015-09-28T02:07:58Z">
          <params>
            <param index="0">
              <value>
                <![CDATA[8527720405]]>
              </value>
            </param>
          </params>
          <reporter-output>
          </reporter-output>
        </test-method> <!-- testLogout -->
        <test-method status="PASS" signature="tearDown()[pri:0, instance:test.UCTest@57c70722]" name="tearDown" is-config="true" duration-ms="1448" started-at="2015-09-28T02:07:58Z" finished-at="2015-09-28T02:07:59Z">
          <reporter-output>
          </reporter-output>
        </test-method> <!-- tearDown -->
        <test-method status="PASS" signature="setUp()[pri:0, instance:test.UCTest@57c70722]" name="setUp" is-config="true" duration-ms="12291" started-at="2015-09-28T02:07:59Z" finished-at="2015-09-28T02:08:12Z">
          <reporter-output>
          </reporter-output>
        </test-method> <!-- setUp -->
        <test-method status="PASS" signature="testSearchAndCreatePackage()[pri:0, instance:test.UCTest@57c70722]" name="testSearchAndCreatePackage" duration-ms="59149" started-at="2015-09-28T02:08:12Z" finished-at="2015-09-28T02:09:11Z">
          <reporter-output>
          </reporter-output>
        </test-method> <!-- testSearchAndCreatePackage -->
        <test-method status="PASS" signature="tearDown()[pri:0, instance:test.UCTest@57c70722]" name="tearDown" is-config="true" duration-ms="1114" started-at="2015-09-28T02:09:11Z" finished-at="2015-09-28T02:09:12Z">
          <reporter-output>
          </reporter-output>
        </test-method> <!-- tearDown -->
        <test-method status="PASS" signature="setUp()[pri:0, instance:test.UCTest@57c70722]" name="setUp" is-config="true" duration-ms="11671" started-at="2015-09-28T02:09:12Z" finished-at="2015-09-28T02:09:24Z">
          <reporter-output>
          </reporter-output>
        </test-method> <!-- setUp -->
        <test-method status="PASS" signature="testSignIN(java.lang.String)[pri:0, instance:test.UCTest@57c70722]" name="testSignIN" duration-ms="36130" started-at="2015-09-28T02:09:24Z" data-provider="signin" finished-at="2015-09-28T02:10:00Z">
          <params>
            <param index="0">
              <value>
                <![CDATA[8527720405]]>
              </value>
            </param>
          </params>
          <reporter-output>
          </reporter-output>
        </test-method> <!-- testSignIN -->
        <test-method status="PASS" signature="tearDown()[pri:0, instance:test.UCTest@57c70722]" name="tearDown" is-config="true" duration-ms="1001" started-at="2015-09-28T02:10:00Z" finished-at="2015-09-28T02:10:01Z">
          <reporter-output>
          </reporter-output>
        </test-method> <!-- tearDown -->
        <test-method status="PASS" signature="AfterClass()[pri:0, instance:test.UCTest@57c70722]" name="AfterClass" is-config="true" duration-ms="48" started-at="2015-09-28T02:10:01Z" finished-at="2015-09-28T02:10:01Z">
          <reporter-output>
          </reporter-output>
        </test-method> <!-- AfterClass -->
      </class> <!-- test.UCTest -->
    </test> <!-- Default test -->
  </suite> <!-- Default suite -->
</testng-results>
